# JRE version: OpenJDK Runtime Environment Temurin-21.0.10+7 (21.0.10+7) (build 21.0.10+7-LTS)
# Java VM: OpenJDK 64-Bit Server VM Temurin-21.0.10+7 (21.0.10+7-LTS, mixed mode, sharing, tiered, compressed oops, compressed class ptrs, parallel gc, windows-amd64)
GC Precious Log:
 CardTable entry size: 512
 CPUs: 12 total, 12 available
 Memory: 16083M
 Large Page Support: Disabled
 NUMA Support: Disabled
 Compressed Oops: Enabled (32-bit)
 Alignments: Space 512K, Generation 512K, Heap 2M
 Heap Min Capacity: 100M
 Heap Initial Capacity: 100M
 Heap Max Capacity: 2G
 Pre-touch: Disabled
 Parallel Workers: 10
Heap:
 PSYoungGen      total 5120K, used 3181K [0x00000000d5580000, 0x00000000d5c80000, 0x0000000100000000)
  eden space 3584K, 55% used [0x00000000d5580000,0x00000000d576f630,0x00000000d5900000)
  from space 1536K, 78% used [0x00000000d5a00000,0x00000000d5b2c0a0,0x00000000d5b80000)
  to   space 1024K, 0% used [0x00000000d5b80000,0x00000000d5b80000,0x00000000d5c80000)
 ParOldGen       total 99328K, used 99176K [0x0000000080000000, 0x0000000086100000, 0x00000000d5580000)
  object space 99328K, 99% used [0x0000000080000000,0x00000000860da348,0x0000000086100000)
 Metaspace       used 67978K, committed 69440K, reserved 1114112K
  class space    used 6965K, committed 7552K, reserved 1048576K
GC Heap History (20 events):
Event: 9144.895 GC heap before
{Heap before GC invocations=73 (full 3):
 PSYoungGen      total 10752K, used 10742K [0x00000000d5580000, 0x00000000d6580000, 0x0000000100000000)
  eden space 9216K, 100% used [0x00000000d5580000,0x00000000d5e80000,0x00000000d5e80000)
  from space 1536K, 99% used [0x00000000d5f00000,0x00000000d607da20,0x00000000d6080000)
  to   space 3584K, 0% used [0x00000000d6200000,0x00000000d6200000,0x00000000d6580000)
 ParOldGen       total 84480K, used 84478K [0x0000000080000000, 0x0000000085280000, 0x00000000d5580000)
  object space 84480K, 99% used [0x0000000080000000,0x000000008527fa08,0x0000000085280000)
 Metaspace       used 67849K, committed 69312K, reserved 1114112K
  class space    used 6964K, committed 7552K, reserved 1048576K
}
Event: 9144.903 GC heap after
{Heap after GC invocations=73 (full 3):
 PSYoungGen      total 7168K, used 3574K [0x00000000d5580000, 0x00000000d7080000, 0x0000000100000000)
  eden space 3584K, 0% used [0x00000000d5580000,0x00000000d5580000,0x00000000d5900000)
  from space 3584K, 99% used [0x00000000d6200000,0x00000000d657d868,0x00000000d6580000)
  to   space 9216K, 0% used [0x00000000d5900000,0x00000000d5900000,0x00000000d6200000)
 ParOldGen       total 89088K, used 88918K [0x0000000080000000, 0x0000000085700000, 0x00000000d5580000)
  object space 89088K, 99% used [0x0000000080000000,0x00000000856d5aa8,0x0000000085700000)
 Metaspace       used 67849K, committed 69312K, reserved 1114112K
  class space    used 6964K, committed 7552K, reserved 1048576K
}
Event: 9144.953 GC heap before
{Heap before GC invocations=74 (full 3):
 PSYoungGen      total 7168K, used 7158K [0x00000000d5580000, 0x00000000d7080000, 0x0000000100000000)
  eden space 3584K, 100% used [0x00000000d5580000,0x00000000d5900000,0x00000000d5900000)
  from space 3584K, 99% used [0x00000000d6200000,0x00000000d657d868,0x00000000d6580000)
  to   space 9216K, 0% used [0x00000000d5900000,0x00000000d5900000,0x00000000d6200000)
 ParOldGen       total 89088K, used 88918K [0x0000000080000000, 0x0000000085700000, 0x00000000d5580000)
  object space 89088K, 99% used [0x0000000080000000,0x00000000856d5aa8,0x0000000085700000)
 Metaspace       used 67863K, committed 69312K, reserved 1114112K
  class space    used 6964K, committed 7552K, reserved 1048576K
}
Event: 9144.959 GC heap after
{Heap after GC invocations=74 (full 3):
 PSYoungGen      total 6144K, used 2095K [0x00000000d5580000, 0x00000000d6280000, 0x0000000100000000)
  eden space 3584K, 0% used [0x00000000d5580000,0x00000000d5580000,0x00000000d5900000)
  from space 2560K, 81% used [0x00000000d5900000,0x00000000d5b0bc60,0x00000000d5b80000)
  to   space 4608K, 0% used [0x00000000d5e00000,0x00000000d5e00000,0x00000000d6280000)
 ParOldGen       total 91648K, used 91624K [0x0000000080000000, 0x0000000085980000, 0x00000000d5580000)
  object space 91648K, 99% used [0x0000000080000000,0x000000008597a2d8,0x0000000085980000)
 Metaspace       used 67863K, committed 69312K, reserved 1114112K
  class space    used 6964K, committed 7552K, reserved 1048576K
}
Event: 9145.069 GC heap before
{Heap before GC invocations=75 (full 3):
 PSYoungGen      total 6144K, used 5679K [0x00000000d5580000, 0x00000000d6280000, 0x0000000100000000)
  eden space 3584K, 99% used [0x00000000d5580000,0x00000000d58ffff8,0x00000000d5900000)
  from space 2560K, 81% used [0x00000000d5900000,0x00000000d5b0bc60,0x00000000d5b80000)
  to   space 4608K, 0% used [0x00000000d5e00000,0x00000000d5e00000,0x00000000d6280000)
 ParOldGen       total 91648K, used 91624K [0x0000000080000000, 0x0000000085980000, 0x00000000d5580000)
  object space 91648K, 99% used [0x0000000080000000,0x000000008597a2d8,0x0000000085980000)
 Metaspace       used 67867K, committed 69312K, reserved 1114112K
  class space    used 6964K, committed 7552K, reserved 1048576K
}
Event: 9145.075 GC heap after
{Heap after GC invocations=75 (full 3):
 PSYoungGen      total 6656K, used 2768K [0x00000000d5580000, 0x00000000d6100000, 0x0000000100000000)
  eden space 3584K, 0% used [0x00000000d5580000,0x00000000d5580000,0x00000000d5900000)
  from space 3072K, 90% used [0x00000000d5e00000,0x00000000d60b4010,0x00000000d6100000)
  to   space 3072K, 0% used [0x00000000d5b00000,0x00000000d5b00000,0x00000000d5e00000)
 ParOldGen       total 93696K, used 93591K [0x0000000080000000, 0x0000000085b80000, 0x00000000d5580000)
  object space 93696K, 99% used [0x0000000080000000,0x0000000085b65f38,0x0000000085b80000)
 Metaspace       used 67867K, committed 69312K, reserved 1114112K
  class space    used 6964K, committed 7552K, reserved 1048576K
}
Event: 9145.149 GC heap before
{Heap before GC invocations=76 (full 3):
 PSYoungGen      total 6656K, used 6352K [0x00000000d5580000, 0x00000000d6100000, 0x0000000100000000)
  eden space 3584K, 100% used [0x00000000d5580000,0x00000000d5900000,0x00000000d5900000)
  from space 3072K, 90% used [0x00000000d5e00000,0x00000000d60b4010,0x00000000d6100000)
  to   space 3072K, 0% used [0x00000000d5b00000,0x00000000d5b00000,0x00000000d5e00000)
 ParOldGen       total 93696K, used 93591K [0x0000000080000000, 0x0000000085b80000, 0x00000000d5580000)
  object space 93696K, 99% used [0x0000000080000000,0x0000000085b65f38,0x0000000085b80000)
 Metaspace       used 67874K, committed 69312K, reserved 1114112K
  class space    used 6964K, committed 7552K, reserved 1048576K
}
Event: 9145.155 GC heap after
{Heap after GC invocations=76 (full 3):
 PSYoungGen      total 4096K, used 320K [0x00000000d5580000, 0x00000000d5e80000, 0x0000000100000000)
  eden space 3584K, 0% used [0x00000000d5580000,0x00000000d5580000,0x00000000d5900000)
  from space 512K, 62% used [0x00000000d5b00000,0x00000000d5b50000,0x00000000d5b80000)
  to   space 1536K, 0% used [0x00000000d5d00000,0x00000000d5d00000,0x00000000d5e80000)
 ParOldGen       total 96256K, used 96151K [0x0000000080000000, 0x0000000085e00000, 0x00000000d5580000)
  object space 96256K, 99% used [0x0000000080000000,0x0000000085de5f38,0x0000000085e00000)
 Metaspace       used 67874K, committed 69312K, reserved 1114112K
  class space    used 6964K, committed 7552K, reserved 1048576K
}
Event: 9145.185 GC heap before
{Heap before GC invocations=77 (full 3):
 PSYoungGen      total 4096K, used 3904K [0x00000000d5580000, 0x00000000d5e80000, 0x0000000100000000)
  eden space 3584K, 100% used [0x00000000d5580000,0x00000000d5900000,0x00000000d5900000)
  from space 512K, 62% used [0x00000000d5b00000,0x00000000d5b50000,0x00000000d5b80000)
  to   space 1536K, 0% used [0x00000000d5d00000,0x00000000d5d00000,0x00000000d5e80000)
 ParOldGen       total 96256K, used 96151K [0x0000000080000000, 0x0000000085e00000, 0x00000000d5580000)
  object space 96256K, 99% used [0x0000000080000000,0x0000000085de5f38,0x0000000085e00000)
 Metaspace       used 67876K, committed 69312K, reserved 1114112K
  class space    used 6964K, committed 7552K, reserved 1048576K
}
Event: 9145.187 GC heap after
{Heap after GC invocations=77 (full 3):
 PSYoungGen      total 5120K, used 1136K [0x00000000d5580000, 0x00000000d5e80000, 0x0000000100000000)
  eden space 3584K, 0% used [0x00000000d5580000,0x00000000d5580000,0x00000000d5900000)
  from space 1536K, 73% used [0x00000000d5d00000,0x00000000d5e1c150,0x00000000d5e80000)
  to   space 1536K, 0% used [0x00000000d5b80000,0x00000000d5b80000,0x00000000d5d00000)
 ParOldGen       total 96768K, used 96342K [0x0000000080000000, 0x0000000085e80000, 0x00000000d5580000)
  object space 96768K, 99% used [0x0000000080000000,0x0000000085e15ab8,0x0000000085e80000)
 Metaspace       used 67876K, committed 69312K, reserved 1114112K
  class space    used 6964K, committed 7552K, reserved 1048576K
}
Event: 9145.225 GC heap before
{Heap before GC invocations=78 (full 3):
 PSYoungGen      total 5120K, used 4720K [0x00000000d5580000, 0x00000000d5e80000, 0x0000000100000000)
  eden space 3584K, 100% used [0x00000000d5580000,0x00000000d5900000,0x00000000d5900000)
  from space 1536K, 73% used [0x00000000d5d00000,0x00000000d5e1c150,0x00000000d5e80000)
  to   space 1536K, 0% used [0x00000000d5b80000,0x00000000d5b80000,0x00000000d5d00000)
 ParOldGen       total 96768K, used 96342K [0x0000000080000000, 0x0000000085e80000, 0x00000000d5580000)
  object space 96768K, 99% used [0x0000000080000000,0x0000000085e15ab8,0x0000000085e80000)
 Metaspace       used 67889K, committed 69376K, reserved 1114112K
  class space    used 6964K, committed 7552K, reserved 1048576K
}
Event: 9145.228 GC heap after
{Heap after GC invocations=78 (full 3):
 PSYoungGen      total 4608K, used 880K [0x00000000d5580000, 0x00000000d5d80000, 0x0000000100000000)
  eden space 3584K, 0% used [0x00000000d5580000,0x00000000d5580000,0x00000000d5900000)
  from space 1024K, 85% used [0x00000000d5b80000,0x00000000d5c5c0a0,0x00000000d5c80000)
  to   space 1024K, 0% used [0x00000000d5c80000,0x00000000d5c80000,0x00000000d5d80000)
 ParOldGen       total 97280K, used 96982K [0x0000000080000000, 0x0000000085f00000, 0x00000000d5580000)
  object space 97280K, 99% used [0x0000000080000000,0x0000000085eb5b88,0x0000000085f00000)
 Metaspace       used 67889K, committed 69376K, reserved 1114112K
  class space    used 6964K, committed 7552K, reserved 1048576K
}
Event: 9146.521 GC heap before
{Heap before GC invocations=79 (full 3):
 PSYoungGen      total 4608K, used 4464K [0x00000000d5580000, 0x00000000d5d80000, 0x0000000100000000)
  eden space 3584K, 100% used [0x00000000d5580000,0x00000000d5900000,0x00000000d5900000)
  from space 1024K, 85% used [0x00000000d5b80000,0x00000000d5c5c0a0,0x00000000d5c80000)
  to   space 1024K, 0% used [0x00000000d5c80000,0x00000000d5c80000,0x00000000d5d80000)
 ParOldGen       total 97280K, used 96982K [0x0000000080000000, 0x0000000085f00000, 0x00000000d5580000)
  object space 97280K, 99% used [0x0000000080000000,0x0000000085eb5b88,0x0000000085f00000)
 Metaspace       used 67905K, committed 69376K, reserved 1114112K
  class space    used 6964K, committed 7552K, reserved 1048576K
}
Event: 9146.522 GC heap after
{Heap after GC invocations=79 (full 3):
 PSYoungGen      total 4608K, used 1024K [0x00000000d5580000, 0x00000000d5d80000, 0x0000000100000000)
  eden space 3584K, 0% used [0x00000000d5580000,0x00000000d5580000,0x00000000d5900000)
  from space 1024K, 100% used [0x00000000d5c80000,0x00000000d5d80000,0x00000000d5d80000)
  to   space 1536K, 0% used [0x00000000d5a80000,0x00000000d5a80000,0x00000000d5c00000)
 ParOldGen       total 97792K, used 97283K [0x0000000080000000, 0x0000000085f80000, 0x00000000d5580000)
  object space 97792K, 99% used [0x0000000080000000,0x0000000085f00c28,0x0000000085f80000)
 Metaspace       used 67905K, committed 69376K, reserved 1114112K
  class space    used 6964K, committed 7552K, reserved 1048576K
}
Event: 9146.553 GC heap before
{Heap before GC invocations=80 (full 3):
 PSYoungGen      total 4608K, used 4608K [0x00000000d5580000, 0x00000000d5d80000, 0x0000000100000000)
  eden space 3584K, 100% used [0x00000000d5580000,0x00000000d5900000,0x00000000d5900000)
  from space 1024K, 100% used [0x00000000d5c80000,0x00000000d5d80000,0x00000000d5d80000)
  to   space 1536K, 0% used [0x00000000d5a80000,0x00000000d5a80000,0x00000000d5c00000)
 ParOldGen       total 97792K, used 97283K [0x0000000080000000, 0x0000000085f80000, 0x00000000d5580000)
  object space 97792K, 99% used [0x0000000080000000,0x0000000085f00c28,0x0000000085f80000)
 Metaspace       used 67916K, committed 69376K, reserved 1114112K
  class space    used 6965K, committed 7552K, reserved 1048576K
}
Event: 9146.555 GC heap after
{Heap after GC invocations=80 (full 3):
 PSYoungGen      total 5120K, used 1184K [0x00000000d5580000, 0x00000000d5d00000, 0x0000000100000000)
  eden space 3584K, 0% used [0x00000000d5580000,0x00000000d5580000,0x00000000d5900000)
  from space 1536K, 77% used [0x00000000d5a80000,0x00000000d5ba8000,0x00000000d5c00000)
  to   space 1024K, 0% used [0x00000000d5c00000,0x00000000d5c00000,0x00000000d5d00000)
 ParOldGen       total 98304K, used 98131K [0x0000000080000000, 0x0000000086000000, 0x00000000d5580000)
  object space 98304K, 99% used [0x0000000080000000,0x0000000085fd4fa8,0x0000000086000000)
 Metaspace       used 67916K, committed 69376K, reserved 1114112K
  class space    used 6965K, committed 7552K, reserved 1048576K
}
Event: 9147.400 GC heap before
{Heap before GC invocations=81 (full 3):
 PSYoungGen      total 5120K, used 4768K [0x00000000d5580000, 0x00000000d5d00000, 0x0000000100000000)
  eden space 3584K, 100% used [0x00000000d5580000,0x00000000d5900000,0x00000000d5900000)
  from space 1536K, 77% used [0x00000000d5a80000,0x00000000d5ba8000,0x00000000d5c00000)
  to   space 1024K, 0% used [0x00000000d5c00000,0x00000000d5c00000,0x00000000d5d00000)
 ParOldGen       total 98304K, used 98131K [0x0000000080000000, 0x0000000086000000, 0x00000000d5580000)
  object space 98304K, 99% used [0x0000000080000000,0x0000000085fd4fa8,0x0000000086000000)
 Metaspace       used 67925K, committed 69376K, reserved 1114112K
  class space    used 6965K, committed 7552K, reserved 1048576K
}
Event: 9147.403 GC heap after
{Heap after GC invocations=81 (full 3):
 PSYoungGen      total 4608K, used 928K [0x00000000d5580000, 0x00000000d5d00000, 0x0000000100000000)
  eden space 3584K, 0% used [0x00000000d5580000,0x00000000d5580000,0x00000000d5900000)
  from space 1024K, 90% used [0x00000000d5c00000,0x00000000d5ce80b0,0x00000000d5d00000)
  to   space 1536K, 0% used [0x00000000d5a00000,0x00000000d5a00000,0x00000000d5b80000)
 ParOldGen       total 98816K, used 98391K [0x0000000080000000, 0x0000000086080000, 0x00000000d5580000)
  object space 98816K, 99% used [0x0000000080000000,0x0000000086015fb8,0x0000000086080000)
 Metaspace       used 67925K, committed 69376K, reserved 1114112K
  class space    used 6965K, committed 7552K, reserved 1048576K
}
Event: 9147.458 GC heap before
{Heap before GC invocations=82 (full 3):
 PSYoungGen      total 4608K, used 4512K [0x00000000d5580000, 0x00000000d5d00000, 0x0000000100000000)
  eden space 3584K, 100% used [0x00000000d5580000,0x00000000d5900000,0x00000000d5900000)
  from space 1024K, 90% used [0x00000000d5c00000,0x00000000d5ce80b0,0x00000000d5d00000)
  to   space 1536K, 0% used [0x00000000d5a00000,0x00000000d5a00000,0x00000000d5b80000)
 ParOldGen       total 98816K, used 98391K [0x0000000080000000, 0x0000000086080000, 0x00000000d5580000)
  object space 98816K, 99% used [0x0000000080000000,0x0000000086015fb8,0x0000000086080000)
 Metaspace       used 67935K, committed 69376K, reserved 1114112K
  class space    used 6965K, committed 7552K, reserved 1048576K
}
Event: 9147.461 GC heap after
{Heap after GC invocations=82 (full 3):
 PSYoungGen      total 5120K, used 1200K [0x00000000d5580000, 0x00000000d5c80000, 0x0000000100000000)
  eden space 3584K, 0% used [0x00000000d5580000,0x00000000d5580000,0x00000000d5900000)
  from space 1536K, 78% used [0x00000000d5a00000,0x00000000d5b2c0a0,0x00000000d5b80000)
  to   space 1024K, 0% used [0x00000000d5b80000,0x00000000d5b80000,0x00000000d5c80000)
 ParOldGen       total 99328K, used 99176K [0x0000000080000000, 0x0000000086100000, 0x00000000d5580000)
  object space 99328K, 99% used [0x0000000080000000,0x00000000860da348,0x0000000086100000)
 Metaspace       used 67935K, committed 69376K, reserved 1114112K
  class space    used 6965K, committed 7552K, reserved 1048576K
}

